# JRE version: Java(TM) SE Runtime Environment (15.0.2+7) (build 15.0.2+7-27)
# Java VM: Java HotSpot(TM) 64-Bit Server VM (15.0.2+7-27, mixed mode, sharing, tiered, compressed oops, g1 gc, windows-amd64)
GC Precious Log:
 CPUs: 8 total, 8 available
 Memory: 8062M
 Large Page Support: Disabled
 NUMA Support: Disabled
 Compressed Oops: Enabled (32-bit)
 Heap Region Size: 1M
 Heap Min Capacity: 8M
 Heap Initial Capacity: 8M
 Heap Max Capacity: 2016M
 Pre-touch: Disabled
 Parallel Workers: 8
 Concurrent Workers: 2
 Concurrent Refinement Workers: 8
 Periodic GC: Disabled
Heap:
 garbage-first heap   total 34816K, used 14470K [0x0000000082000000, 0x0000000100000000)
  region size 1024K, 3 young (3072K), 1 survivors (1024K)
 Metaspace       used 11721K, capacity 13668K, committed 13824K, reserved 1060864K
  class space    used 1264K, capacity 1466K, committed 1536K, reserved 1048576K
GC Heap History (20 events):
Event: 0.404 GC heap before
{Heap before GC invocations=6 (full 0):
 garbage-first heap   total 12288K, used 5249K [0x0000000082000000, 0x0000000100000000)
  region size 1024K, 3 young (3072K), 1 survivors (1024K)
 Metaspace       used 8713K, capacity 11387K, committed 11520K, reserved 1058816K
  class space    used 1002K, capacity 1261K, committed 1280K, reserved 1048576K
}
Event: 0.407 GC heap after
{Heap after GC invocations=7 (full 0):
 garbage-first heap   total 12288K, used 4231K [0x0000000082000000, 0x0000000100000000)
  region size 1024K, 1 young (1024K), 1 survivors (1024K)
 Metaspace       used 8713K, capacity 11387K, committed 11520K, reserved 1058816K
  class space    used 1002K, capacity 1261K, committed 1280K, reserved 1048576K
}
Event: 0.430 GC heap before
{Heap before GC invocations=7 (full 0):
 garbage-first heap   total 12288K, used 5255K [0x0000000082000000, 0x0000000100000000)
  region size 1024K, 2 young (2048K), 1 survivors (1024K)
 Metaspace       used 8849K, capacity 11451K, committed 11520K, reserved 1058816K
  class space    used 1017K, capacity 1261K, committed 1280K, reserved 1048576K
}
Event: 0.432 GC heap after
{Heap after GC invocations=8 (full 0):
 garbage-first heap   total 12288K, used 4868K [0x0000000082000000, 0x0000000100000000)
  region size 1024K, 1 young (1024K), 1 survivors (1024K)
 Metaspace       used 8849K, capacity 11451K, committed 11520K, reserved 1058816K
  class space    used 1017K, capacity 1261K, committed 1280K, reserved 1048576K
}
Event: 0.456 GC heap before
{Heap before GC invocations=8 (full 0):
 garbage-first heap   total 12288K, used 5892K [0x0000000082000000, 0x0000000100000000)
  region size 1024K, 2 young (2048K), 1 survivors (1024K)
 Metaspace       used 8986K, capacity 11454K, committed 11520K, reserved 1058816K
  class space    used 1024K, capacity 1262K, committed 1280K, reserved 1048576K
}
Event: 0.457 GC heap after
{Heap after GC invocations=9 (full 0):
 garbage-first heap   total 20480K, used 5082K [0x0000000082000000, 0x0000000100000000)
  region size 1024K, 1 young (1024K), 1 survivors (1024K)
 Metaspace       used 8986K, capacity 11454K, committed 11520K, reserved 1058816K
  class space    used 1024K, capacity 1262K, committed 1280K, reserved 1048576K
}
Event: 0.501 GC heap before
{Heap before GC invocations=9 (full 0):
 garbage-first heap   total 20480K, used 10202K [0x0000000082000000, 0x0000000100000000)
  region size 1024K, 6 young (6144K), 1 survivors (1024K)
 Metaspace       used 9229K, capacity 11521K, committed 11776K, reserved 1060864K
  class space    used 1043K, capacity 1263K, committed 1280K, reserved 1048576K
}
Event: 0.503 GC heap after
{Heap after GC invocations=10 (full 0):
 garbage-first heap   total 20480K, used 5687K [0x0000000082000000, 0x0000000100000000)
  region size 1024K, 1 young (1024K), 1 survivors (1024K)
 Metaspace       used 9229K, capacity 11521K, committed 11776K, reserved 1060864K
  class space    used 1043K, capacity 1263K, committed 1280K, reserved 1048576K
}
Event: 0.538 GC heap before
{Heap before GC invocations=10 (full 0):
 garbage-first heap   total 20480K, used 11831K [0x0000000082000000, 0x0000000100000000)
  region size 1024K, 7 young (7168K), 1 survivors (1024K)
 Metaspace       used 9425K, capacity 11751K, committed 11904K, reserved 1060864K
  class space    used 1061K, capacity 1297K, committed 1408K, reserved 1048576K
}
Event: 0.542 GC heap after
{Heap after GC invocations=11 (full 0):
 garbage-first heap   total 20480K, used 6694K [0x0000000082000000, 0x0000000100000000)
  region size 1024K, 1 young (1024K), 1 survivors (1024K)
 Metaspace       used 9425K, capacity 11751K, committed 11904K, reserved 1060864K
  class space    used 1061K, capacity 1297K, committed 1408K, reserved 1048576K
}
Event: 0.557 GC heap before
{Heap before GC invocations=11 (full 0):
 garbage-first heap   total 20480K, used 11814K [0x0000000082000000, 0x0000000100000000)
  region size 1024K, 7 young (7168K), 1 survivors (1024K)
 Metaspace       used 9446K, capacity 11751K, committed 11904K, reserved 1060864K
  class space    used 1061K, capacity 1297K, committed 1408K, reserved 1048576K
}
Event: 0.560 GC heap after
{Heap after GC invocations=12 (full 0):
 garbage-first heap   total 20480K, used 7809K [0x0000000082000000, 0x0000000100000000)
  region size 1024K, 1 young (1024K), 1 survivors (1024K)
 Metaspace       used 9446K, capacity 11751K, committed 11904K, reserved 1060864K
  class space    used 1061K, capacity 1297K, committed 1408K, reserved 1048576K
}
Event: 0.585 GC heap before
{Heap before GC invocations=12 (full 0):
 garbage-first heap   total 20480K, used 12929K [0x0000000082000000, 0x0000000100000000)
  region size 1024K, 7 young (7168K), 1 survivors (1024K)
 Metaspace       used 9494K, capacity 11751K, committed 11904K, reserved 1060864K
  class space    used 1066K, capacity 1297K, committed 1408K, reserved 1048576K
}
Event: 0.588 GC heap after
{Heap after GC invocations=13 (full 0):
 garbage-first heap   total 34816K, used 9024K [0x0000000082000000, 0x0000000100000000)
  region size 1024K, 1 young (1024K), 1 survivors (1024K)
 Metaspace       used 9494K, capacity 11751K, committed 11904K, reserved 1060864K
  class space    used 1066K, capacity 1297K, committed 1408K, reserved 1048576K
}
Event: 0.761 GC heap before
{Heap before GC invocations=13 (full 0):
 garbage-first heap   total 34816K, used 24384K [0x0000000082000000, 0x0000000100000000)
  region size 1024K, 15 young (15360K), 1 survivors (1024K)
 Metaspace       used 10768K, capacity 12801K, committed 13056K, reserved 1060864K
  class space    used 1209K, capacity 1433K, committed 1536K, reserved 1048576K
}
Event: 0.767 GC heap after
{Heap after GC invocations=14 (full 0):
 garbage-first heap   total 34816K, used 12605K [0x0000000082000000, 0x0000000100000000)
  region size 1024K, 2 young (2048K), 2 survivors (2048K)
 Metaspace       used 10768K, capacity 12801K, committed 13056K, reserved 1060864K
  class space    used 1209K, capacity 1433K, committed 1536K, reserved 1048576K
}
Event: 0.892 GC heap before
{Heap before GC invocations=14 (full 0):
 garbage-first heap   total 34816K, used 22845K [0x0000000082000000, 0x0000000100000000)
  region size 1024K, 12 young (12288K), 2 survivors (2048K)
 Metaspace       used 11028K, capacity 13060K, committed 13312K, reserved 1060864K
  class space    used 1215K, capacity 1434K, committed 1536K, reserved 1048576K
}
Event: 0.897 GC heap after
{Heap after GC invocations=15 (full 0):
 garbage-first heap   total 34816K, used 13317K [0x0000000082000000, 0x0000000100000000)
  region size 1024K, 1 young (1024K), 1 survivors (1024K)
 Metaspace       used 11028K, capacity 13060K, committed 13312K, reserved 1060864K
  class space    used 1215K, capacity 1434K, committed 1536K, reserved 1048576K
}
Event: 0.980 GC heap before
{Heap before GC invocations=15 (full 0):
 garbage-first heap   total 34816K, used 23557K [0x0000000082000000, 0x0000000100000000)
  region size 1024K, 11 young (11264K), 1 survivors (1024K)
 Metaspace       used 11325K, capacity 13316K, committed 13568K, reserved 1060864K
  class space    used 1232K, capacity 1434K, committed 1536K, reserved 1048576K
}
Event: 0.982 GC heap after
{Heap after GC invocations=16 (full 0):
 garbage-first heap   total 34816K, used 13446K [0x0000000082000000, 0x0000000100000000)
  region size 1024K, 1 young (1024K), 1 survivors (1024K)
 Metaspace       used 11325K, capacity 13316K, committed 13568K, reserved 1060864K
  class space    used 1232K, capacity 1434K, committed 1536K, reserved 1048576K
}

