# JRE version: Java(TM) SE Runtime Environment (15.0.2+7) (build 15.0.2+7-27)
# Java VM: Java HotSpot(TM) 64-Bit Server VM (15.0.2+7-27, mixed mode, sharing, tiered, compressed oops, g1 gc, windows-amd64)
GC Precious Log:
 CPUs: 8 total, 8 available
 Memory: 8062M
 Large Page Support: Disabled
 NUMA Support: Disabled
 Compressed Oops: Enabled (32-bit)
 Heap Region Size: 1M
 Heap Min Capacity: 8M
 Heap Initial Capacity: 8M
 Heap Max Capacity: 2016M
 Pre-touch: Disabled
 Parallel Workers: 8
 Concurrent Workers: 2
 Concurrent Refinement Workers: 8
 Periodic GC: Disabled
Heap:
 garbage-first heap   total 33792K, used 20694K [0x0000000082000000, 0x0000000100000000)
  region size 1024K, 11 young (11264K), 2 survivors (2048K)
 Metaspace       used 10858K, capacity 12867K, committed 13056K, reserved 1060864K
  class space    used 1215K, capacity 1434K, committed 1536K, reserved 1048576K
GC Heap History (20 events):
Event: 0.303 GC heap before
{Heap before GC invocations=4 (full 0):
 garbage-first heap   total 8192K, used 3232K [0x0000000082000000, 0x0000000100000000)
  region size 1024K, 2 young (2048K), 1 survivors (1024K)
 Metaspace       used 7774K, capacity 10854K, committed 11008K, reserved 1058816K
  class space    used 899K, capacity 1190K, committed 1280K, reserved 1048576K
}
Event: 0.305 GC heap after
{Heap after GC invocations=5 (full 0):
 garbage-first heap   total 11264K, used 2796K [0x0000000082000000, 0x0000000100000000)
  region size 1024K, 1 young (1024K), 1 survivors (1024K)
 Metaspace       used 7774K, capacity 10854K, committed 11008K, reserved 1058816K
  class space    used 899K, capacity 1190K, committed 1280K, reserved 1048576K
}
Event: 0.351 GC heap before
{Heap before GC invocations=5 (full 0):
 garbage-first heap   total 11264K, used 3820K [0x0000000082000000, 0x0000000100000000)
  region size 1024K, 3 young (3072K), 1 survivors (1024K)
 Metaspace       used 8179K, capacity 11055K, committed 11264K, reserved 1058816K
  class space    used 929K, capacity 1193K, committed 1280K, reserved 1048576K
}
Event: 0.355 GC heap after
{Heap after GC invocations=6 (full 0):
 garbage-first heap   total 11264K, used 3240K [0x0000000082000000, 0x0000000100000000)
  region size 1024K, 1 young (1024K), 1 survivors (1024K)
 Metaspace       used 8179K, capacity 11055K, committed 11264K, reserved 1058816K
  class space    used 929K, capacity 1193K, committed 1280K, reserved 1048576K
}
Event: 0.396 GC heap before
{Heap before GC invocations=6 (full 0):
 garbage-first heap   total 11264K, used 5288K [0x0000000082000000, 0x0000000100000000)
  region size 1024K, 3 young (3072K), 1 survivors (1024K)
 Metaspace       used 8714K, capacity 11387K, committed 11520K, reserved 1058816K
  class space    used 1002K, capacity 1261K, committed 1280K, reserved 1048576K
}
Event: 0.399 GC heap after
{Heap after GC invocations=7 (full 0):
 garbage-first heap   total 11264K, used 4233K [0x0000000082000000, 0x0000000100000000)
  region size 1024K, 1 young (1024K), 1 survivors (1024K)
 Metaspace       used 8714K, capacity 11387K, committed 11520K, reserved 1058816K
  class space    used 1002K, capacity 1261K, committed 1280K, reserved 1048576K
}
Event: 0.420 GC heap before
{Heap before GC invocations=7 (full 0):
 garbage-first heap   total 11264K, used 5257K [0x0000000082000000, 0x0000000100000000)
  region size 1024K, 2 young (2048K), 1 survivors (1024K)
 Metaspace       used 8852K, capacity 11451K, committed 11520K, reserved 1058816K
  class space    used 1017K, capacity 1261K, committed 1280K, reserved 1048576K
}
Event: 0.422 GC heap after
{Heap after GC invocations=8 (full 0):
 garbage-first heap   total 11264K, used 4876K [0x0000000082000000, 0x0000000100000000)
  region size 1024K, 1 young (1024K), 1 survivors (1024K)
 Metaspace       used 8852K, capacity 11451K, committed 11520K, reserved 1058816K
  class space    used 1017K, capacity 1261K, committed 1280K, reserved 1048576K
}
Event: 0.445 GC heap before
{Heap before GC invocations=8 (full 0):
 garbage-first heap   total 11264K, used 5900K [0x0000000082000000, 0x0000000100000000)
  region size 1024K, 2 young (2048K), 1 survivors (1024K)
 Metaspace       used 8982K, capacity 11454K, committed 11520K, reserved 1058816K
  class space    used 1024K, capacity 1262K, committed 1280K, reserved 1048576K
}
Event: 0.447 GC heap after
{Heap after GC invocations=9 (full 0):
 garbage-first heap   total 19456K, used 5090K [0x0000000082000000, 0x0000000100000000)
  region size 1024K, 1 young (1024K), 1 survivors (1024K)
 Metaspace       used 8982K, capacity 11454K, committed 11520K, reserved 1058816K
  class space    used 1024K, capacity 1262K, committed 1280K, reserved 1048576K
}
Event: 0.490 GC heap before
{Heap before GC invocations=10 (full 0):
 garbage-first heap   total 19456K, used 10210K [0x0000000082000000, 0x0000000100000000)
  region size 1024K, 6 young (6144K), 1 survivors (1024K)
 Metaspace       used 9211K, capacity 11521K, committed 11776K, reserved 1060864K
  class space    used 1043K, capacity 1263K, committed 1280K, reserved 1048576K
}
Event: 0.492 GC heap after
{Heap after GC invocations=11 (full 0):
 garbage-first heap   total 19456K, used 5705K [0x0000000082000000, 0x0000000100000000)
  region size 1024K, 1 young (1024K), 1 survivors (1024K)
 Metaspace       used 9211K, capacity 11521K, committed 11776K, reserved 1060864K
  class space    used 1043K, capacity 1263K, committed 1280K, reserved 1048576K
}
Event: 0.524 GC heap before
{Heap before GC invocations=11 (full 0):
 garbage-first heap   total 19456K, used 10825K [0x0000000082000000, 0x0000000100000000)
  region size 1024K, 6 young (6144K), 1 survivors (1024K)
 Metaspace       used 9397K, capacity 11687K, committed 11904K, reserved 1060864K
  class space    used 1061K, capacity 1297K, committed 1408K, reserved 1048576K
}
Event: 0.527 GC heap after
{Heap after GC invocations=12 (full 0):
 garbage-first heap   total 19456K, used 6648K [0x0000000082000000, 0x0000000100000000)
  region size 1024K, 1 young (1024K), 1 survivors (1024K)
 Metaspace       used 9397K, capacity 11687K, committed 11904K, reserved 1060864K
  class space    used 1061K, capacity 1297K, committed 1408K, reserved 1048576K
}
Event: 0.539 GC heap before
{Heap before GC invocations=12 (full 0):
 garbage-first heap   total 19456K, used 10744K [0x0000000082000000, 0x0000000100000000)
  region size 1024K, 6 young (6144K), 1 survivors (1024K)
 Metaspace       used 9417K, capacity 11687K, committed 11904K, reserved 1060864K
  class space    used 1061K, capacity 1297K, committed 1408K, reserved 1048576K
}
Event: 0.543 GC heap after
{Heap after GC invocations=13 (full 0):
 garbage-first heap   total 19456K, used 7423K [0x0000000082000000, 0x0000000100000000)
  region size 1024K, 1 young (1024K), 1 survivors (1024K)
 Metaspace       used 9417K, capacity 11687K, committed 11904K, reserved 1060864K
  class space    used 1061K, capacity 1297K, committed 1408K, reserved 1048576K
}
Event: 0.554 GC heap before
{Heap before GC invocations=13 (full 0):
 garbage-first heap   total 19456K, used 12543K [0x0000000082000000, 0x0000000100000000)
  region size 1024K, 6 young (6144K), 1 survivors (1024K)
 Metaspace       used 9423K, capacity 11751K, committed 11904K, reserved 1060864K
  class space    used 1061K, capacity 1297K, committed 1408K, reserved 1048576K
}
Event: 0.556 GC heap after
{Heap after GC invocations=14 (full 0):
 garbage-first heap   total 33792K, used 8331K [0x0000000082000000, 0x0000000100000000)
  region size 1024K, 1 young (1024K), 1 survivors (1024K)
 Metaspace       used 9423K, capacity 11751K, committed 11904K, reserved 1060864K
  class space    used 1061K, capacity 1297K, committed 1408K, reserved 1048576K
}
Event: 0.653 GC heap before
{Heap before GC invocations=14 (full 0):
 garbage-first heap   total 33792K, used 21643K [0x0000000082000000, 0x0000000100000000)
  region size 1024K, 13 young (13312K), 1 survivors (1024K)
 Metaspace       used 10088K, capacity 12235K, committed 12416K, reserved 1060864K
  class space    used 1122K, capacity 1330K, committed 1408K, reserved 1048576K
}
Event: 0.660 GC heap after
{Heap after GC invocations=15 (full 0):
 garbage-first heap   total 33792K, used 11478K [0x0000000082000000, 0x0000000100000000)
  region size 1024K, 2 young (2048K), 2 survivors (2048K)
 Metaspace       used 10088K, capacity 12235K, committed 12416K, reserved 1060864K
  class space    used 1122K, capacity 1330K, committed 1408K, reserved 1048576K
}

